13:38 INFO    : Running for label 'inj', output will be saved to 'inj_lc_O4_like2'
13:38 INFO    : Analysis priors:
13:38 INFO    : luminosity_distance=Uniform(minimum=10.0, maximum=500.0, name='luminosity_distance', latex_label='$D_L$', unit=None, boundary=None)
13:38 INFO    : KNphi=Uniform(minimum=15.0, maximum=75.0, name='KNphi', latex_label='$\\Phi$', unit=None, boundary=None)
13:38 INFO    : KNtheta=Uniform(minimum=0.0, maximum=90.0, name='KNtheta', latex_label='$\\Phi$', unit=None, boundary=None)
13:38 INFO    : timeshift=Uniform(minimum=-2.0, maximum=0.0, name='timeshift', latex_label='$t_0$', unit=None, boundary=None)
13:38 INFO    : log10_mej_dyn=Uniform(minimum=-2.5, maximum=-1.0, name='log10_mej_dyn', latex_label='$\\log_{10}M^{\\rm{dyn}}_{\\rm{ej}}$', unit=None, boundary=None)
13:38 INFO    : log10_mej_wind=Uniform(minimum=-3.0, maximum=-0.5, name='log10_mej_wind', latex_label='$\\log_{10}M^{\\rm{wind}}_{\\rm{ej}}$', unit=None, boundary=None)
13:38 INFO    : Ebv=0.0
13:38 INFO    : Analysis likelihood class: <class 'nmma.em.likelihood.OpticalLightCurve'>
13:38 INFO    : Analysis likelihood noise evidence: 0.0
13:38 INFO    : Single likelihood evaluation took 5.213e-02 s
13:38 WARNING : Supplied argument 'queue_size' not an argument of 'Pymultinest', removing.
13:38 WARNING : Supplied argument 'check_point_delta_t' not an argument of 'Pymultinest', removing.
13:38 INFO    : Using sampler Pymultinest with kwargs {'importance_nested_sampling': False, 'resume': False, 'verbose': True, 'sampling_efficiency': 'parameter', 'n_live_points': 4096, 'n_params': 6, 'n_clustering_params': None, 'wrapped_params': None, 'multimodal': True, 'const_efficiency_mode': False, 'evidence_tolerance': 0.5, 'n_iter_before_update': 100, 'null_log_evidence': -1e+90, 'max_modes': 100, 'mode_tolerance': -1e+90, 'seed': 42, 'context': 0, 'write_output': True, 'log_zero': -1e+100, 'max_iter': 0, 'init_MPI': False, 'dump_callback': <bound method Pymultinest._dump_callback of <bilby.core.sampler.pymultinest.Pymultinest object at 0x7c3958223a60>>}
13:38 INFO    : Global meta data was removed from the result object for compatibility. Use the `BILBY_INCLUDE_GLOBAL_METADATA` environment variable to include it. This behaviour will be removed in a future release. For more details see: https://bilby-dev.github.io/bilby/faq.html#global-meta-data
13:38 INFO    : Using temporary file /tmp/tmp16l9amv1
13:43 INFO    : Overwriting inj_lc_O4_like2/pm_inj/ with /tmp/tmp16l9amv1/
13:44 INFO    : Overwriting inj_lc_O4_like2/pm_inj/ with /tmp/tmp16l9amv1/
13:46 INFO    : Overwriting inj_lc_O4_like2/pm_inj/ with /tmp/tmp16l9amv1/
13:47 INFO    : Overwriting inj_lc_O4_like2/pm_inj/ with /tmp/tmp16l9amv1/
13:49 INFO    : Overwriting inj_lc_O4_like2/pm_inj/ with /tmp/tmp16l9amv1/
13:50 INFO    : Overwriting inj_lc_O4_like2/pm_inj/ with /tmp/tmp16l9amv1/
13:52 INFO    : Overwriting inj_lc_O4_like2/pm_inj/ with /tmp/tmp16l9amv1/
13:54 INFO    : Overwriting inj_lc_O4_like2/pm_inj/ with /tmp/tmp16l9amv1/
13:55 INFO    : Overwriting inj_lc_O4_like2/pm_inj/ with /tmp/tmp16l9amv1/
13:57 INFO    : Overwriting inj_lc_O4_like2/pm_inj/ with /tmp/tmp16l9amv1/
13:59 INFO    : Overwriting inj_lc_O4_like2/pm_inj/ with /tmp/tmp16l9amv1/
14:00 INFO    : Overwriting inj_lc_O4_like2/pm_inj/ with /tmp/tmp16l9amv1/
14:02 INFO    : Overwriting inj_lc_O4_like2/pm_inj/ with /tmp/tmp16l9amv1/
14:04 INFO    : Overwriting inj_lc_O4_like2/pm_inj/ with /tmp/tmp16l9amv1/
14:06 INFO    : Overwriting inj_lc_O4_like2/pm_inj/ with /tmp/tmp16l9amv1/
14:08 INFO    : Overwriting inj_lc_O4_like2/pm_inj/ with /tmp/tmp16l9amv1/
14:10 INFO    : Overwriting inj_lc_O4_like2/pm_inj/ with /tmp/tmp16l9amv1/
14:12 INFO    : Overwriting inj_lc_O4_like2/pm_inj/ with /tmp/tmp16l9amv1/
14:14 INFO    : Overwriting inj_lc_O4_like2/pm_inj/ with /tmp/tmp16l9amv1/
14:16 INFO    : Overwriting inj_lc_O4_like2/pm_inj/ with /tmp/tmp16l9amv1/
14:18 INFO    : Overwriting inj_lc_O4_like2/pm_inj/ with /tmp/tmp16l9amv1/
14:20 INFO    : Overwriting inj_lc_O4_like2/pm_inj/ with /tmp/tmp16l9amv1/
14:22 INFO    : Overwriting inj_lc_O4_like2/pm_inj/ with /tmp/tmp16l9amv1/
14:24 INFO    : Overwriting inj_lc_O4_like2/pm_inj/ with /tmp/tmp16l9amv1/
14:27 INFO    : Overwriting inj_lc_O4_like2/pm_inj/ with /tmp/tmp16l9amv1/
14:29 INFO    : Overwriting inj_lc_O4_like2/pm_inj/ with /tmp/tmp16l9amv1/
14:31 INFO    : Overwriting inj_lc_O4_like2/pm_inj/ with /tmp/tmp16l9amv1/
14:33 INFO    : Overwriting inj_lc_O4_like2/pm_inj/ with /tmp/tmp16l9amv1/
14:36 INFO    : Overwriting inj_lc_O4_like2/pm_inj/ with /tmp/tmp16l9amv1/
14:39 INFO    : Overwriting inj_lc_O4_like2/pm_inj/ with /tmp/tmp16l9amv1/
14:41 INFO    : Overwriting inj_lc_O4_like2/pm_inj/ with /tmp/tmp16l9amv1/
14:44 INFO    : Overwriting inj_lc_O4_like2/pm_inj/ with /tmp/tmp16l9amv1/
14:46 INFO    : Overwriting inj_lc_O4_like2/pm_inj/ with /tmp/tmp16l9amv1/
14:46 INFO    : Overwriting inj_lc_O4_like2/pm_inj/ with /tmp/tmp16l9amv1/
14:46 INFO    : Overwriting inj_lc_O4_like2/pm_inj/ with /tmp/tmp16l9amv1/
14:46 INFO    : Sampling time: 1:08:07.433445
14:46 INFO    : Summary of results:
nsamples: 19098
ln_noise_evidence:  0.000
ln_evidence: -421.707 +/-  0.035
ln_bayes_factor: -421.707 +/-  0.035

14:46 INFO    : Writing samples file to /home/liteul/memoir_code/inj_lc_O4_like2/inj_posterior_samples.dat
